<?xml version="1.0" encoding="UTF-8"?>
<!-- Generated by org.testng.reporters.JUnitXMLReporter -->
<testsuite ignored="2" hostname="punbkumarpc" failures="0" tests="1" name="VerifyStoreEntryTitle" time="5.554" errors="0" timestamp="2025-10-23T20:50:54 IST">
  <testcase classname="testcases.StoreEntryTest" name="VerifyStoreEntryTitle" time="5.41"/>
  <testcase classname="testcases.StoreEntryTest" name="Verifylogin" time="0.0">
    <ignored/>
  </testcase> <!-- Verifylogin -->
  <testcase classname="testcases.StoreEntryTest" name="VerifySignInButtonPresence" time="0.0">
    <ignored/>
  </testcase> <!-- VerifySignInButtonPresence -->
</testsuite> <!-- VerifyStoreEntryTitle -->
