<?xml version="1.0" encoding="UTF-8"?>
<!-- Generated by org.testng.reporters.JUnitXMLReporter -->
<testsuite ignored="2" hostname="punbkumarpc" failures="0" tests="1" name="Verifylogin" time="11.82" errors="0" timestamp="2025-10-23T20:51:06 IST">
  <testcase classname="testcases.StoreEntryTest" name="Verifylogin" time="11.669"/>
  <testcase classname="testcases.StoreEntryTest" name="VerifyStoreEntryTitle" time="0.0">
    <ignored/>
  </testcase> <!-- VerifyStoreEntryTitle -->
  <testcase classname="testcases.StoreEntryTest" name="VerifySignInButtonPresence" time="0.0">
    <ignored/>
  </testcase> <!-- VerifySignInButtonPresence -->
</testsuite> <!-- Verifylogin -->
