<?xml version="1.0" encoding="UTF-8"?>
<!-- Generated by org.testng.reporters.JUnitXMLReporter -->
<testsuite ignored="2" hostname="punbkumarpc" failures="0" tests="1" name="VerifySignInButtonPresence" time="3.53" errors="0" timestamp="2025-10-23T20:50:49 IST">
  <testcase classname="testcases.StoreEntryTest" name="VerifySignInButtonPresence" time="3.414"/>
  <testcase classname="testcases.StoreEntryTest" name="Verifylogin" time="0.0">
    <ignored/>
  </testcase> <!-- Verifylogin -->
  <testcase classname="testcases.StoreEntryTest" name="VerifyStoreEntryTitle" time="0.0">
    <ignored/>
  </testcase> <!-- VerifyStoreEntryTitle -->
</testsuite> <!-- VerifySignInButtonPresence -->
