<?xml version="1.0" encoding="UTF-8"?>
<!-- Generated by org.testng.reporters.JUnitXMLReporter -->
<testsuite ignored="0" hostname="punbkumarpc" failures="0" tests="3" name="StoreEntryTestCases-VerifyStoreEntryTitle-It.1" time="22.553" errors="0" timestamp="2025-10-23T19:42:04 IST">
  <testcase classname="testcases.StoreEntryTest" name="VerifyStoreEntryTitle" time="5.917"/>
  <testcase classname="testcases.StoreEntryTest" name="VerifySignInButtonPresence" time="3.565"/>
  <testcase classname="testcases.StoreEntryTest" name="Verifylogin" time="12.136"/>
</testsuite> <!-- StoreEntryTestCases-VerifyStoreEntryTitle-It.1 -->
