<?xml version="1.0" encoding="UTF-8"?>
<testng-results ignored="0" total="6" passed="5" failed="1" skipped="0">
  <reporter-output>
  </reporter-output>
  <suite started-at="2025-10-23T20:50:42 IST" name="JPetStore" finished-at="2025-10-23T20:52:28 IST" duration-ms="106543">
    <groups>
    </groups>
    <test started-at="2025-10-23T20:50:42 IST" name="VerifyHomePageTitle" finished-at="2025-10-23T20:50:45 IST" duration-ms="3710">
      <class name="testcases.HomePageTest">
        <test-method is-config="true" signature="beforeTest(org.testng.ITestContext)[pri:0, instance:testcases.HomePageTest@31ea9581]" started-at="2025-10-23T20:50:42 IST" name="beforeTest" finished-at="2025-10-23T20:50:42 IST" duration-ms="427" status="PASS">
          <params>
            <param index="0">
              <value>
                <![CDATA[org.testng.TestRunner@3af356f]]>
              </value>
            </param>
          </params>
          <reporter-output>
          </reporter-output>
        </test-method> <!-- beforeTest -->
        <test-method is-config="true" signature="beforeMethod(org.testng.ITestContext)[pri:0, instance:testcases.HomePageTest@31ea9581]" started-at="2025-10-23T20:50:42 IST" name="beforeMethod" finished-at="2025-10-23T20:50:42 IST" duration-ms="0" status="PASS">
          <params>
            <param index="0">
              <value>
                <![CDATA[org.testng.TestRunner@3af356f]]>
              </value>
            </param>
          </params>
          <reporter-output>
          </reporter-output>
        </test-method> <!-- beforeMethod -->
        <test-method signature="VerifyHomePageTitle(org.testng.ITestContext)[pri:0, instance:testcases.HomePageTest@31ea9581]" started-at="2025-10-23T20:50:42 IST" name="VerifyHomePageTitle" finished-at="2025-10-23T20:50:45 IST" duration-ms="2901" status="PASS">
          <params>
            <param index="0">
              <value>
                <![CDATA[org.testng.TestRunner@3af356f]]>
              </value>
            </param>
          </params>
          <reporter-output>
          </reporter-output>
        </test-method> <!-- VerifyHomePageTitle -->
        <test-method is-config="true" signature="quit(org.testng.ITestContext)[pri:0, instance:testcases.HomePageTest@31ea9581]" started-at="2025-10-23T20:50:45 IST" name="quit" finished-at="2025-10-23T20:50:45 IST" duration-ms="309" status="PASS">
          <params>
            <param index="0">
              <value>
                <![CDATA[org.testng.TestRunner@3af356f]]>
              </value>
            </param>
          </params>
          <reporter-output>
          </reporter-output>
        </test-method> <!-- quit -->
      </class> <!-- testcases.HomePageTest -->
    </test> <!-- VerifyHomePageTitle -->
    <test started-at="2025-10-23T20:50:45 IST" name="VerifySignInButtonPresence" finished-at="2025-10-23T20:50:49 IST" duration-ms="3530">
      <class name="testcases.StoreEntryTest">
        <test-method is-config="true" signature="beforeTest(org.testng.ITestContext)[pri:0, instance:testcases.StoreEntryTest@673fdbce]" started-at="2025-10-23T20:50:45 IST" name="beforeTest" finished-at="2025-10-23T20:50:45 IST" duration-ms="2" status="PASS">
          <params>
            <param index="0">
              <value>
                <![CDATA[org.testng.TestRunner@63300c4b]]>
              </value>
            </param>
          </params>
          <reporter-output>
          </reporter-output>
        </test-method> <!-- beforeTest -->
        <test-method is-config="true" signature="beforeMethod(org.testng.ITestContext)[pri:0, instance:testcases.StoreEntryTest@673fdbce]" started-at="2025-10-23T20:50:45 IST" name="beforeMethod" finished-at="2025-10-23T20:50:45 IST" duration-ms="1" status="PASS">
          <params>
            <param index="0">
              <value>
                <![CDATA[org.testng.TestRunner@63300c4b]]>
              </value>
            </param>
          </params>
          <reporter-output>
          </reporter-output>
        </test-method> <!-- beforeMethod -->
        <test-method signature="VerifySignInButtonPresence(org.testng.ITestContext)[pri:0, instance:testcases.StoreEntryTest@673fdbce]" started-at="2025-10-23T20:50:45 IST" name="VerifySignInButtonPresence" finished-at="2025-10-23T20:50:49 IST" duration-ms="3414" status="PASS">
          <params>
            <param index="0">
              <value>
                <![CDATA[org.testng.TestRunner@63300c4b]]>
              </value>
            </param>
          </params>
          <reporter-output>
          </reporter-output>
        </test-method> <!-- VerifySignInButtonPresence -->
        <test-method is-config="true" signature="quit(org.testng.ITestContext)[pri:0, instance:testcases.StoreEntryTest@673fdbce]" started-at="2025-10-23T20:50:49 IST" name="quit" finished-at="2025-10-23T20:50:49 IST" duration-ms="110" status="PASS">
          <params>
            <param index="0">
              <value>
                <![CDATA[org.testng.TestRunner@63300c4b]]>
              </value>
            </param>
          </params>
          <reporter-output>
          </reporter-output>
        </test-method> <!-- quit -->
      </class> <!-- testcases.StoreEntryTest -->
    </test> <!-- VerifySignInButtonPresence -->
    <test started-at="2025-10-23T20:50:49 IST" name="VerifyStoreEntryTitle" finished-at="2025-10-23T20:50:54 IST" duration-ms="5554">
      <class name="testcases.StoreEntryTest">
        <test-method is-config="true" signature="beforeTest(org.testng.ITestContext)[pri:0, instance:testcases.StoreEntryTest@6cb107fd]" started-at="2025-10-23T20:50:49 IST" name="beforeTest" finished-at="2025-10-23T20:50:49 IST" duration-ms="1" status="PASS">
          <params>
            <param index="0">
              <value>
                <![CDATA[org.testng.TestRunner@72b6832e]]>
              </value>
            </param>
          </params>
          <reporter-output>
          </reporter-output>
        </test-method> <!-- beforeTest -->
        <test-method is-config="true" signature="beforeMethod(org.testng.ITestContext)[pri:0, instance:testcases.StoreEntryTest@6cb107fd]" started-at="2025-10-23T20:50:49 IST" name="beforeMethod" finished-at="2025-10-23T20:50:49 IST" duration-ms="0" status="PASS">
          <params>
            <param index="0">
              <value>
                <![CDATA[org.testng.TestRunner@72b6832e]]>
              </value>
            </param>
          </params>
          <reporter-output>
          </reporter-output>
        </test-method> <!-- beforeMethod -->
        <test-method signature="VerifyStoreEntryTitle(org.testng.ITestContext)[pri:0, instance:testcases.StoreEntryTest@6cb107fd]" started-at="2025-10-23T20:50:49 IST" name="VerifyStoreEntryTitle" finished-at="2025-10-23T20:50:54 IST" duration-ms="5410" status="PASS">
          <params>
            <param index="0">
              <value>
                <![CDATA[org.testng.TestRunner@72b6832e]]>
              </value>
            </param>
          </params>
          <reporter-output>
          </reporter-output>
        </test-method> <!-- VerifyStoreEntryTitle -->
        <test-method is-config="true" signature="quit(org.testng.ITestContext)[pri:0, instance:testcases.StoreEntryTest@6cb107fd]" started-at="2025-10-23T20:50:54 IST" name="quit" finished-at="2025-10-23T20:50:54 IST" duration-ms="140" status="PASS">
          <params>
            <param index="0">
              <value>
                <![CDATA[org.testng.TestRunner@72b6832e]]>
              </value>
            </param>
          </params>
          <reporter-output>
          </reporter-output>
        </test-method> <!-- quit -->
      </class> <!-- testcases.StoreEntryTest -->
    </test> <!-- VerifyStoreEntryTitle -->
    <test started-at="2025-10-23T20:50:54 IST" name="Verifylogin" finished-at="2025-10-23T20:51:06 IST" duration-ms="11820">
      <class name="testcases.StoreEntryTest">
        <test-method is-config="true" signature="beforeTest(org.testng.ITestContext)[pri:0, instance:testcases.StoreEntryTest@2ab4bc72]" started-at="2025-10-23T20:50:54 IST" name="beforeTest" finished-at="2025-10-23T20:50:54 IST" duration-ms="1" status="PASS">
          <params>
            <param index="0">
              <value>
                <![CDATA[org.testng.TestRunner@1c57f6b2]]>
              </value>
            </param>
          </params>
          <reporter-output>
          </reporter-output>
        </test-method> <!-- beforeTest -->
        <test-method is-config="true" signature="beforeMethod(org.testng.ITestContext)[pri:0, instance:testcases.StoreEntryTest@2ab4bc72]" started-at="2025-10-23T20:50:54 IST" name="beforeMethod" finished-at="2025-10-23T20:50:54 IST" duration-ms="0" status="PASS">
          <params>
            <param index="0">
              <value>
                <![CDATA[org.testng.TestRunner@1c57f6b2]]>
              </value>
            </param>
          </params>
          <reporter-output>
          </reporter-output>
        </test-method> <!-- beforeMethod -->
        <test-method signature="Verifylogin(org.testng.ITestContext)[pri:0, instance:testcases.StoreEntryTest@2ab4bc72]" started-at="2025-10-23T20:50:54 IST" name="Verifylogin" finished-at="2025-10-23T20:51:06 IST" duration-ms="11669" status="PASS">
          <params>
            <param index="0">
              <value>
                <![CDATA[org.testng.TestRunner@1c57f6b2]]>
              </value>
            </param>
          </params>
          <reporter-output>
          </reporter-output>
        </test-method> <!-- Verifylogin -->
        <test-method is-config="true" signature="quit(org.testng.ITestContext)[pri:0, instance:testcases.StoreEntryTest@2ab4bc72]" started-at="2025-10-23T20:51:06 IST" name="quit" finished-at="2025-10-23T20:51:06 IST" duration-ms="145" status="PASS">
          <params>
            <param index="0">
              <value>
                <![CDATA[org.testng.TestRunner@1c57f6b2]]>
              </value>
            </param>
          </params>
          <reporter-output>
          </reporter-output>
        </test-method> <!-- quit -->
      </class> <!-- testcases.StoreEntryTest -->
    </test> <!-- Verifylogin -->
    <test started-at="2025-10-23T20:51:06 IST" name="verifyAvailablePets" finished-at="2025-10-23T20:51:17 IST" duration-ms="10904">
      <class name="testcases.DashBoardTest">
        <test-method is-config="true" signature="beforeTest(org.testng.ITestContext)[pri:0, instance:testcases.DashBoardTest@239a307b]" started-at="2025-10-23T20:51:06 IST" name="beforeTest" finished-at="2025-10-23T20:51:06 IST" duration-ms="1" status="PASS">
          <params>
            <param index="0">
              <value>
                <![CDATA[org.testng.TestRunner@c3719e5]]>
              </value>
            </param>
          </params>
          <reporter-output>
          </reporter-output>
        </test-method> <!-- beforeTest -->
        <test-method is-config="true" signature="beforeMethod(org.testng.ITestContext)[pri:0, instance:testcases.DashBoardTest@239a307b]" started-at="2025-10-23T20:51:06 IST" name="beforeMethod" finished-at="2025-10-23T20:51:06 IST" duration-ms="1" status="PASS">
          <params>
            <param index="0">
              <value>
                <![CDATA[org.testng.TestRunner@c3719e5]]>
              </value>
            </param>
          </params>
          <reporter-output>
          </reporter-output>
        </test-method> <!-- beforeMethod -->
        <test-method signature="verifyAvailablePets(org.testng.ITestContext)[pri:0, instance:testcases.DashBoardTest@239a307b]" started-at="2025-10-23T20:51:06 IST" name="verifyAvailablePets" finished-at="2025-10-23T20:51:17 IST" duration-ms="10770" status="PASS">
          <params>
            <param index="0">
              <value>
                <![CDATA[org.testng.TestRunner@c3719e5]]>
              </value>
            </param>
          </params>
          <reporter-output>
          </reporter-output>
        </test-method> <!-- verifyAvailablePets -->
        <test-method is-config="true" signature="quit(org.testng.ITestContext)[pri:0, instance:testcases.DashBoardTest@239a307b]" started-at="2025-10-23T20:51:17 IST" name="quit" finished-at="2025-10-23T20:51:17 IST" duration-ms="127" status="PASS">
          <params>
            <param index="0">
              <value>
                <![CDATA[org.testng.TestRunner@c3719e5]]>
              </value>
            </param>
          </params>
          <reporter-output>
          </reporter-output>
        </test-method> <!-- quit -->
      </class> <!-- testcases.DashBoardTest -->
    </test> <!-- verifyAvailablePets -->
    <test started-at="2025-10-23T20:51:17 IST" name="verifyAllPets" finished-at="2025-10-23T20:52:28 IST" duration-ms="71002">
      <class name="testcases.DashBoardTest">
        <test-method is-config="true" signature="beforeTest(org.testng.ITestContext)[pri:0, instance:testcases.DashBoardTest@2de56eb2]" started-at="2025-10-23T20:51:17 IST" name="beforeTest" finished-at="2025-10-23T20:51:17 IST" duration-ms="1" status="PASS">
          <params>
            <param index="0">
              <value>
                <![CDATA[org.testng.TestRunner@4aaecabd]]>
              </value>
            </param>
          </params>
          <reporter-output>
          </reporter-output>
        </test-method> <!-- beforeTest -->
        <test-method is-config="true" signature="beforeMethod(org.testng.ITestContext)[pri:0, instance:testcases.DashBoardTest@2de56eb2]" started-at="2025-10-23T20:51:17 IST" name="beforeMethod" finished-at="2025-10-23T20:51:17 IST" duration-ms="0" status="PASS">
          <params>
            <param index="0">
              <value>
                <![CDATA[org.testng.TestRunner@4aaecabd]]>
              </value>
            </param>
          </params>
          <reporter-output>
          </reporter-output>
        </test-method> <!-- beforeMethod -->
        <test-method signature="verifyAllPets(org.testng.ITestContext)[pri:0, instance:testcases.DashBoardTest@2de56eb2]" started-at="2025-10-23T20:51:17 IST" name="verifyAllPets" finished-at="2025-10-23T20:52:28 IST" duration-ms="70847" status="FAIL">
          <params>
            <param index="0">
              <value>
                <![CDATA[org.testng.TestRunner@4aaecabd]]>
              </value>
            </param>
          </params>
          <exception class="org.openqa.selenium.NoSuchElementException">
            <message>
              <![CDATA[no such element: Unable to locate element: {"method":"xpath","selector":"//*[@id='Catalog']/table/tbody"}
  (Session info: chrome=141.0.7390.108)
For documentation on this error, please visit: https://www.selenium.dev/documentation/webdriver/troubleshooting/errors#no-such-element-exception
Build info: version: '4.17.0', revision: 'e52b1be057*'
System info: os.name: 'Windows 11', os.arch: 'amd64', os.version: '10.0', java.version: '17.0.12'
Driver info: org.openqa.selenium.chrome.ChromeDriver
Command: [4e0179b655c2d7c930cbb296506ab7c7, findElement {using=xpath, value=//*[@id='Catalog']/table/tbody}]
Capabilities {acceptInsecureCerts: false, browserName: chrome, browserVersion: 141.0.7390.108, chrome: {chromedriverVersion: 140.0.7339.185 (eeea00e459e..., userDataDir: C:\Users\MSI\AppData\Local\...}, fedcm:accounts: true, goog:chromeOptions: {debuggerAddress: localhost:61069}, networkConnectionEnabled: false, pageLoadStrategy: normal, platformName: windows, proxy: Proxy(), se:cdp: ws://localhost:61069/devtoo..., se:cdpVersion: 141.0.7390.108, setWindowRect: true, strictFileInteractability: false, timeouts: {implicit: 0, pageLoad: 300000, script: 30000}, unhandledPromptBehavior: dismiss and notify, webauthn:extension:credBlob: true, webauthn:extension:largeBlob: true, webauthn:extension:minPinLength: true, webauthn:extension:prf: true, webauthn:virtualAuthenticators: true}
Session ID: 4e0179b655c2d7c930cbb296506ab7c7]]>
            </message>
            <full-stacktrace>
              <![CDATA[org.openqa.selenium.NoSuchElementException: no such element: Unable to locate element: {"method":"xpath","selector":"//*[@id='Catalog']/table/tbody"}
  (Session info: chrome=141.0.7390.108)
For documentation on this error, please visit: https://www.selenium.dev/documentation/webdriver/troubleshooting/errors#no-such-element-exception
Build info: version: '4.17.0', revision: 'e52b1be057*'
System info: os.name: 'Windows 11', os.arch: 'amd64', os.version: '10.0', java.version: '17.0.12'
Driver info: org.openqa.selenium.chrome.ChromeDriver
Command: [4e0179b655c2d7c930cbb296506ab7c7, findElement {using=xpath, value=//*[@id='Catalog']/table/tbody}]
Capabilities {acceptInsecureCerts: false, browserName: chrome, browserVersion: 141.0.7390.108, chrome: {chromedriverVersion: 140.0.7339.185 (eeea00e459e..., userDataDir: C:\Users\MSI\AppData\Local\...}, fedcm:accounts: true, goog:chromeOptions: {debuggerAddress: localhost:61069}, networkConnectionEnabled: false, pageLoadStrategy: normal, platformName: windows, proxy: Proxy(), se:cdp: ws://localhost:61069/devtoo..., se:cdpVersion: 141.0.7390.108, setWindowRect: true, strictFileInteractability: false, timeouts: {implicit: 0, pageLoad: 300000, script: 30000}, unhandledPromptBehavior: dismiss and notify, webauthn:extension:credBlob: true, webauthn:extension:largeBlob: true, webauthn:extension:minPinLength: true, webauthn:extension:prf: true, webauthn:virtualAuthenticators: true}
Session ID: 4e0179b655c2d7c930cbb296506ab7c7
at java.base/jdk.internal.reflect.NativeConstructorAccessorImpl.newInstance0(Native Method)
at java.base/jdk.internal.reflect.NativeConstructorAccessorImpl.newInstance(NativeConstructorAccessorImpl.java:77)
at java.base/jdk.internal.reflect.DelegatingConstructorAccessorImpl.newInstance(DelegatingConstructorAccessorImpl.java:45)
at java.base/java.lang.reflect.Constructor.newInstanceWithCaller(Constructor.java:499)
at java.base/java.lang.reflect.Constructor.newInstance(Constructor.java:480)
at org.openqa.selenium.remote.codec.w3c.W3CHttpResponseCodec.createException(W3CHttpResponseCodec.java:185)
at org.openqa.selenium.remote.codec.w3c.W3CHttpResponseCodec.decode(W3CHttpResponseCodec.java:134)
at org.openqa.selenium.remote.codec.w3c.W3CHttpResponseCodec.decode(W3CHttpResponseCodec.java:51)
at org.openqa.selenium.remote.HttpCommandExecutor.execute(HttpCommandExecutor.java:190)
at org.openqa.selenium.remote.service.DriverCommandExecutor.invokeExecute(DriverCommandExecutor.java:216)
at org.openqa.selenium.remote.service.DriverCommandExecutor.execute(DriverCommandExecutor.java:174)
at org.openqa.selenium.remote.RemoteWebDriver.execute(RemoteWebDriver.java:519)
at org.openqa.selenium.remote.ElementLocation$ElementFinder$2.findElement(ElementLocation.java:165)
at org.openqa.selenium.remote.ElementLocation.findElement(ElementLocation.java:59)
at org.openqa.selenium.remote.RemoteWebDriver.findElement(RemoteWebDriver.java:356)
at org.openqa.selenium.remote.RemoteWebDriver.findElement(RemoteWebDriver.java:350)
at keywords.GenericKeywords.getElement(GenericKeywords.java:138)
at testcases.DashBoardTest.verifyAllPets(DashBoardTest.java:94)
at java.base/jdk.internal.reflect.NativeMethodAccessorImpl.invoke0(Native Method)
at java.base/jdk.internal.reflect.NativeMethodAccessorImpl.invoke(NativeMethodAccessorImpl.java:77)
at java.base/jdk.internal.reflect.DelegatingMethodAccessorImpl.invoke(DelegatingMethodAccessorImpl.java:43)
at java.base/java.lang.reflect.Method.invoke(Method.java:568)
at org.testng.internal.invokers.MethodInvocationHelper.invokeMethod(MethodInvocationHelper.java:139)
at org.testng.internal.invokers.TestInvoker.invokeMethod(TestInvoker.java:664)
at org.testng.internal.invokers.TestInvoker.invokeTestMethod(TestInvoker.java:228)
at org.testng.internal.invokers.MethodRunner.runInSequence(MethodRunner.java:63)
at org.testng.internal.invokers.TestInvoker$MethodInvocationAgent.invoke(TestInvoker.java:961)
at org.testng.internal.invokers.TestInvoker.invokeTestMethods(TestInvoker.java:201)
at org.testng.internal.invokers.TestMethodWorker.invokeTestMethods(TestMethodWorker.java:148)
at org.testng.internal.invokers.TestMethodWorker.run(TestMethodWorker.java:128)
at java.base/java.util.ArrayList.forEach(ArrayList.java:1511)
at org.testng.TestRunner.privateRun(TestRunner.java:819)
at org.testng.TestRunner.run(TestRunner.java:619)
at org.testng.SuiteRunner.runTest(SuiteRunner.java:443)
at org.testng.SuiteRunner.runSequentially(SuiteRunner.java:437)
at org.testng.SuiteRunner.privateRun(SuiteRunner.java:397)
at org.testng.SuiteRunner.run(SuiteRunner.java:336)
at org.testng.SuiteRunnerWorker.runSuite(SuiteRunnerWorker.java:52)
at org.testng.SuiteRunnerWorker.run(SuiteRunnerWorker.java:95)
at org.testng.TestNG.runSuitesSequentially(TestNG.java:1301)
at org.testng.TestNG.runSuitesLocally(TestNG.java:1228)
at org.testng.TestNG.runSuites(TestNG.java:1134)
at org.testng.TestNG.run(TestNG.java:1101)
at org.apache.maven.surefire.testng.TestNGExecutor.run(TestNGExecutor.java:308)
at org.apache.maven.surefire.testng.TestNGXmlTestSuite.execute(TestNGXmlTestSuite.java:71)
at org.apache.maven.surefire.testng.TestNGProvider.invoke(TestNGProvider.java:113)
at org.apache.maven.surefire.booter.ForkedBooter.runSuitesInProcess(ForkedBooter.java:385)
at org.apache.maven.surefire.booter.ForkedBooter.execute(ForkedBooter.java:162)
at org.apache.maven.surefire.booter.ForkedBooter.run(ForkedBooter.java:507)
at org.apache.maven.surefire.booter.ForkedBooter.main(ForkedBooter.java:495)
]]>
            </full-stacktrace>
          </exception> <!-- org.openqa.selenium.NoSuchElementException -->
          <reporter-output>
          </reporter-output>
        </test-method> <!-- verifyAllPets -->
        <test-method is-config="true" signature="quit(org.testng.ITestContext)[pri:0, instance:testcases.DashBoardTest@2de56eb2]" started-at="2025-10-23T20:52:28 IST" name="quit" finished-at="2025-10-23T20:52:28 IST" duration-ms="146" status="PASS">
          <params>
            <param index="0">
              <value>
                <![CDATA[org.testng.TestRunner@4aaecabd]]>
              </value>
            </param>
          </params>
          <reporter-output>
          </reporter-output>
        </test-method> <!-- quit -->
      </class> <!-- testcases.DashBoardTest -->
    </test> <!-- verifyAllPets -->
  </suite> <!-- JPetStore -->
</testng-results>
