<?xml version="1.0" encoding="UTF-8"?>
<testsuite xmlns:xsi="http://www.w3.org/2001/XMLSchema-instance" xsi:noNamespaceSchemaLocation="https://maven.apache.org/surefire/maven-surefire-plugin/xsd/surefire-test-report-3.0.xsd" version="3.0" name="TestSuite" time="107.042" tests="6" errors="0" skipped="0" failures="1">
  <properties>
[...]
</properties>
  <testcase name="VerifyHomePageTitle[org.testng.TestRunner@3af356f](1)" classname="testcases.HomePageTest" time="2.908">
    <system-out><![CDATA[C:\\Users\\MSI\\eclipse-workspace\\DataDrivenFramework_Javab_JsonRunner\\src\\test\\resources\\jsons\\data\\jpetstoredata.json
VerifyHomePageTitle
1
JSon data start here................................
{"runmode":"Y","password":"j2ee","iteration":"1","browsername":"chrome","username":"j2ee"}
chrome
Y
j2ee
j2ee
Thu Oct 23 20-50-42 IST 2025
C:\Users\MSI\eclipse-workspace\DataDrivenFramework_Javab_JsonRunner//ExtentReports//Thu Oct 23 20-50-42 IST 2025//screenshots
***************************Test Passed VerifyHomePageTitle
]]></system-out>
    <system-err><![CDATA[Oct 23, 2025 8:50:43 PM org.openqa.selenium.devtools.CdpVersionFinder findNearestMatch
WARNING: Unable to find CDP implementation matching 141
Oct 23, 2025 8:50:43 PM org.openqa.selenium.chromium.ChromiumDriver lambda$new$5
WARNING: Unable to find version of CDP to use for 141.0.7390.108. You may need to include a dependency on a specific version of the CDP using something similar to `org.seleniumhq.selenium:selenium-devtools-v86:4.17.0` where the version ("v86") matches the version of the chromium-based browser you're using and the version number of the artifact is the same as Selenium's.
]]></system-err>
  </testcase>
  <testcase name="VerifySignInButtonPresence[org.testng.TestRunner@63300c4b](1)" classname="testcases.StoreEntryTest" time="3.415">
    <system-out><![CDATA[Directory was not empty and contents deleted.
Folder contents copied successfully!
C:\\Users\\MSI\\eclipse-workspace\\DataDrivenFramework_Javab_JsonRunner\\src\\test\\resources\\jsons\\data\\jpetstoredata.json
VerifySignInButtonPresence
1
JSon data start here................................
{"runmode":"Y","password":"j2ee","iteration":"1","browsername":"chrome","username":"j2ee"}
chrome
Y
j2ee
j2ee
***************************Test Passed VerifySignInButtonPresence
]]></system-out>
    <system-err><![CDATA[Oct 23, 2025 8:50:46 PM org.openqa.selenium.devtools.CdpVersionFinder findNearestMatch
WARNING: Unable to find CDP implementation matching 141
Oct 23, 2025 8:50:46 PM org.openqa.selenium.chromium.ChromiumDriver lambda$new$5
WARNING: Unable to find version of CDP to use for 141.0.7390.108. You may need to include a dependency on a specific version of the CDP using something similar to `org.seleniumhq.selenium:selenium-devtools-v86:4.17.0` where the version ("v86") matches the version of the chromium-based browser you're using and the version number of the artifact is the same as Selenium's.
]]></system-err>
  </testcase>
  <testcase name="VerifyStoreEntryTitle[org.testng.TestRunner@72b6832e](1)" classname="testcases.StoreEntryTest" time="5.411">
    <system-out><![CDATA[Directory was not empty and contents deleted.
Folder contents copied successfully!
C:\\Users\\MSI\\eclipse-workspace\\DataDrivenFramework_Javab_JsonRunner\\src\\test\\resources\\jsons\\data\\jpetstoredata.json
VerifyStoreEntryTitle
1
JSon data start here................................
{"runmode":"Y","password":"j2ee","iteration":"1","browsername":"chrome","username":"j2ee"}
chrome
Y
j2ee
j2ee
***************************Test Passed VerifyStoreEntryTitle
]]></system-out>
    <system-err><![CDATA[Oct 23, 2025 8:50:49 PM org.openqa.selenium.devtools.CdpVersionFinder findNearestMatch
WARNING: Unable to find CDP implementation matching 141
Oct 23, 2025 8:50:49 PM org.openqa.selenium.chromium.ChromiumDriver lambda$new$5
WARNING: Unable to find version of CDP to use for 141.0.7390.108. You may need to include a dependency on a specific version of the CDP using something similar to `org.seleniumhq.selenium:selenium-devtools-v86:4.17.0` where the version ("v86") matches the version of the chromium-based browser you're using and the version number of the artifact is the same as Selenium's.
]]></system-err>
  </testcase>
  <testcase name="Verifylogin[org.testng.TestRunner@1c57f6b2](1)" classname="testcases.StoreEntryTest" time="11.671">
    <system-out><![CDATA[Directory was not empty and contents deleted.
Folder contents copied successfully!
C:\\Users\\MSI\\eclipse-workspace\\DataDrivenFramework_Javab_JsonRunner\\src\\test\\resources\\jsons\\data\\jpetstoredata.json
Verifylogin
1
JSon data start here................................
{"runmode":"Y","password":"j2ee","iteration":"1","browsername":"chrome","username":"j2ee"}
chrome
Y
j2ee
j2ee
***************************Test Passed Verifylogin
]]></system-out>
    <system-err><![CDATA[Oct 23, 2025 8:50:55 PM org.openqa.selenium.devtools.CdpVersionFinder findNearestMatch
WARNING: Unable to find CDP implementation matching 141
Oct 23, 2025 8:50:55 PM org.openqa.selenium.chromium.ChromiumDriver lambda$new$5
WARNING: Unable to find version of CDP to use for 141.0.7390.108. You may need to include a dependency on a specific version of the CDP using something similar to `org.seleniumhq.selenium:selenium-devtools-v86:4.17.0` where the version ("v86") matches the version of the chromium-based browser you're using and the version number of the artifact is the same as Selenium's.
]]></system-err>
  </testcase>
  <testcase name="verifyAvailablePets[org.testng.TestRunner@c3719e5](1)" classname="testcases.DashBoardTest" time="10.772">
    <system-out><![CDATA[Directory was not empty and contents deleted.
Folder contents copied successfully!
C:\\Users\\MSI\\eclipse-workspace\\DataDrivenFramework_Javab_JsonRunner\\src\\test\\resources\\jsons\\data\\jpetstoredata.json
verifyAvailablePets
1
JSon data start here................................
{"runmode":"Y","password":"j2ee","iteration":"1","browsername":"chrome","username":"j2ee"}
chrome
Y
j2ee
j2ee





***************************Test Passed verifyAvailablePets
]]></system-out>
    <system-err><![CDATA[Oct 23, 2025 8:51:07 PM org.openqa.selenium.devtools.CdpVersionFinder findNearestMatch
WARNING: Unable to find CDP implementation matching 141
Oct 23, 2025 8:51:07 PM org.openqa.selenium.chromium.ChromiumDriver lambda$new$5
WARNING: Unable to find version of CDP to use for 141.0.7390.108. You may need to include a dependency on a specific version of the CDP using something similar to `org.seleniumhq.selenium:selenium-devtools-v86:4.17.0` where the version ("v86") matches the version of the chromium-based browser you're using and the version number of the artifact is the same as Selenium's.
]]></system-err>
  </testcase>
  <testcase name="verifyAllPets[org.testng.TestRunner@4aaecabd](1)" classname="testcases.DashBoardTest" time="70.851">
    <failure message="no such element: Unable to locate element: {&quot;method&quot;:&quot;xpath&quot;,&quot;selector&quot;:&quot;//*[@id=&apos;Catalog&apos;]/table/tbody&quot;}&#10;  (Session info: chrome=141.0.7390.108)&#10;For documentation on this error, please visit: https://www.selenium.dev/documentation/webdriver/troubleshooting/errors#no-such-element-exception&#10;Build info: version: &apos;4.17.0&apos;, revision: &apos;e52b1be057*&apos;&#10;System info: os.name: &apos;Windows 11&apos;, os.arch: &apos;amd64&apos;, os.version: &apos;10.0&apos;, java.version: &apos;17.0.12&apos;&#10;Driver info: org.openqa.selenium.chrome.ChromeDriver&#10;Command: [4e0179b655c2d7c930cbb296506ab7c7, findElement {using=xpath, value=//*[@id=&apos;Catalog&apos;]/table/tbody}]&#10;Capabilities {acceptInsecureCerts: false, browserName: chrome, browserVersion: 141.0.7390.108, chrome: {chromedriverVersion: 140.0.7339.185 (eeea00e459e..., userDataDir: C:\Users\MSI\AppData\Local\...}, fedcm:accounts: true, goog:chromeOptions: {debuggerAddress: localhost:61069}, networkConnectionEnabled: false, pageLoadStrategy: normal, platformName: windows, proxy: Proxy(), se:cdp: ws://localhost:61069/devtoo..., se:cdpVersion: 141.0.7390.108, setWindowRect: true, strictFileInteractability: false, timeouts: {implicit: 0, pageLoad: 300000, script: 30000}, unhandledPromptBehavior: dismiss and notify, webauthn:extension:credBlob: true, webauthn:extension:largeBlob: true, webauthn:extension:minPinLength: true, webauthn:extension:prf: true, webauthn:virtualAuthenticators: true}&#10;Session ID: 4e0179b655c2d7c930cbb296506ab7c7" type="org.openqa.selenium.NoSuchElementException"><![CDATA[org.openqa.selenium.NoSuchElementException: 
no such element: Unable to locate element: {"method":"xpath","selector":"//*[@id='Catalog']/table/tbody"}
  (Session info: chrome=141.0.7390.108)
For documentation on this error, please visit: https://www.selenium.dev/documentation/webdriver/troubleshooting/errors#no-such-element-exception
Build info: version: '4.17.0', revision: 'e52b1be057*'
System info: os.name: 'Windows 11', os.arch: 'amd64', os.version: '10.0', java.version: '17.0.12'
Driver info: org.openqa.selenium.chrome.ChromeDriver
Command: [4e0179b655c2d7c930cbb296506ab7c7, findElement {using=xpath, value=//*[@id='Catalog']/table/tbody}]
Capabilities {acceptInsecureCerts: false, browserName: chrome, browserVersion: 141.0.7390.108, chrome: {chromedriverVersion: 140.0.7339.185 (eeea00e459e..., userDataDir: C:\Users\MSI\AppData\Local\...}, fedcm:accounts: true, goog:chromeOptions: {debuggerAddress: localhost:61069}, networkConnectionEnabled: false, pageLoadStrategy: normal, platformName: windows, proxy: Proxy(), se:cdp: ws://localhost:61069/devtoo..., se:cdpVersion: 141.0.7390.108, setWindowRect: true, strictFileInteractability: false, timeouts: {implicit: 0, pageLoad: 300000, script: 30000}, unhandledPromptBehavior: dismiss and notify, webauthn:extension:credBlob: true, webauthn:extension:largeBlob: true, webauthn:extension:minPinLength: true, webauthn:extension:prf: true, webauthn:virtualAuthenticators: true}
Session ID: 4e0179b655c2d7c930cbb296506ab7c7
	at java.base/jdk.internal.reflect.NativeConstructorAccessorImpl.newInstance0(Native Method)
	at java.base/jdk.internal.reflect.NativeConstructorAccessorImpl.newInstance(NativeConstructorAccessorImpl.java:77)
	at java.base/jdk.internal.reflect.DelegatingConstructorAccessorImpl.newInstance(DelegatingConstructorAccessorImpl.java:45)
	at java.base/java.lang.reflect.Constructor.newInstanceWithCaller(Constructor.java:499)
	at java.base/java.lang.reflect.Constructor.newInstance(Constructor.java:480)
	at org.openqa.selenium.remote.codec.w3c.W3CHttpResponseCodec.createException(W3CHttpResponseCodec.java:185)
	at org.openqa.selenium.remote.codec.w3c.W3CHttpResponseCodec.decode(W3CHttpResponseCodec.java:134)
	at org.openqa.selenium.remote.codec.w3c.W3CHttpResponseCodec.decode(W3CHttpResponseCodec.java:51)
	at org.openqa.selenium.remote.HttpCommandExecutor.execute(HttpCommandExecutor.java:190)
	at org.openqa.selenium.remote.service.DriverCommandExecutor.invokeExecute(DriverCommandExecutor.java:216)
	at org.openqa.selenium.remote.service.DriverCommandExecutor.execute(DriverCommandExecutor.java:174)
	at org.openqa.selenium.remote.RemoteWebDriver.execute(RemoteWebDriver.java:519)
	at org.openqa.selenium.remote.ElementLocation$ElementFinder$2.findElement(ElementLocation.java:165)
	at org.openqa.selenium.remote.ElementLocation.findElement(ElementLocation.java:59)
	at org.openqa.selenium.remote.RemoteWebDriver.findElement(RemoteWebDriver.java:356)
	at org.openqa.selenium.remote.RemoteWebDriver.findElement(RemoteWebDriver.java:350)
	at keywords.GenericKeywords.getElement(GenericKeywords.java:138)
	at testcases.DashBoardTest.verifyAllPets(DashBoardTest.java:94)
	at java.base/jdk.internal.reflect.NativeMethodAccessorImpl.invoke0(Native Method)
	at java.base/jdk.internal.reflect.NativeMethodAccessorImpl.invoke(NativeMethodAccessorImpl.java:77)
	at java.base/jdk.internal.reflect.DelegatingMethodAccessorImpl.invoke(DelegatingMethodAccessorImpl.java:43)
	at java.base/java.lang.reflect.Method.invoke(Method.java:568)
	at org.testng.internal.invokers.MethodInvocationHelper.invokeMethod(MethodInvocationHelper.java:139)
	at org.testng.internal.invokers.TestInvoker.invokeMethod(TestInvoker.java:664)
	at org.testng.internal.invokers.TestInvoker.invokeTestMethod(TestInvoker.java:228)
	at org.testng.internal.invokers.MethodRunner.runInSequence(MethodRunner.java:63)
	at org.testng.internal.invokers.TestInvoker$MethodInvocationAgent.invoke(TestInvoker.java:961)
	at org.testng.internal.invokers.TestInvoker.invokeTestMethods(TestInvoker.java:201)
	at org.testng.internal.invokers.TestMethodWorker.invokeTestMethods(TestMethodWorker.java:148)
	at org.testng.internal.invokers.TestMethodWorker.run(TestMethodWorker.java:128)
	at java.base/java.util.ArrayList.forEach(ArrayList.java:1511)
	at org.testng.TestRunner.privateRun(TestRunner.java:819)
	at org.testng.TestRunner.run(TestRunner.java:619)
	at org.testng.SuiteRunner.runTest(SuiteRunner.java:443)
	at org.testng.SuiteRunner.runSequentially(SuiteRunner.java:437)
	at org.testng.SuiteRunner.privateRun(SuiteRunner.java:397)
	at org.testng.SuiteRunner.run(SuiteRunner.java:336)
	at org.testng.SuiteRunnerWorker.runSuite(SuiteRunnerWorker.java:52)
	at org.testng.SuiteRunnerWorker.run(SuiteRunnerWorker.java:95)
	at org.testng.TestNG.runSuitesSequentially(TestNG.java:1301)
	at org.testng.TestNG.runSuitesLocally(TestNG.java:1228)
	at org.testng.TestNG.runSuites(TestNG.java:1134)
	at org.testng.TestNG.run(TestNG.java:1101)
	at org.apache.maven.surefire.testng.TestNGExecutor.run(TestNGExecutor.java:308)
	at org.apache.maven.surefire.testng.TestNGXmlTestSuite.execute(TestNGXmlTestSuite.java:71)
	at org.apache.maven.surefire.testng.TestNGProvider.invoke(TestNGProvider.java:113)
	at org.apache.maven.surefire.booter.ForkedBooter.runSuitesInProcess(ForkedBooter.java:385)
	at org.apache.maven.surefire.booter.ForkedBooter.execute(ForkedBooter.java:162)
	at org.apache.maven.surefire.booter.ForkedBooter.run(ForkedBooter.java:507)
	at org.apache.maven.surefire.booter.ForkedBooter.main(ForkedBooter.java:495)
]]></failure>
    <system-out><![CDATA[Directory was not empty and contents deleted.
Folder contents copied successfully!
C:\\Users\\MSI\\eclipse-workspace\\DataDrivenFramework_Javab_JsonRunner\\src\\test\\resources\\jsons\\data\\jpetstoredata.json
verifyAllPets
1
JSon data start here................................
{"runmode":"Y","password":"j2ee","iteration":"1","browsername":"chrome","username":"j2ee"}
chrome
Y
j2ee
j2ee
***************************Test Failed verifyAllPets
no such element: Unable to locate element: {"method":"xpath","selector":"//*[@id='Catalog']/table/tbody"}
  (Session info: chrome=141.0.7390.108)
For documentation on this error, please visit: https://www.selenium.dev/documentation/webdriver/troubleshooting/errors#no-such-element-exception
Build info: version: '4.17.0', revision: 'e52b1be057*'
System info: os.name: 'Windows 11', os.arch: 'amd64', os.version: '10.0', java.version: '17.0.12'
Driver info: org.openqa.selenium.chrome.ChromeDriver
Command: [4e0179b655c2d7c930cbb296506ab7c7, findElement {using=xpath, value=//*[@id='Catalog']/table/tbody}]
Capabilities {acceptInsecureCerts: false, browserName: chrome, browserVersion: 141.0.7390.108, chrome: {chromedriverVersion: 140.0.7339.185 (eeea00e459e..., userDataDir: C:\Users\MSI\AppData\Local\...}, fedcm:accounts: true, goog:chromeOptions: {debuggerAddress: localhost:61069}, networkConnectionEnabled: false, pageLoadStrategy: normal, platformName: windows, proxy: Proxy(), se:cdp: ws://localhost:61069/devtoo..., se:cdpVersion: 141.0.7390.108, setWindowRect: true, strictFileInteractability: false, timeouts: {implicit: 0, pageLoad: 300000, script: 30000}, unhandledPromptBehavior: dismiss and notify, webauthn:extension:credBlob: true, webauthn:extension:largeBlob: true, webauthn:extension:minPinLength: true, webauthn:extension:prf: true, webauthn:virtualAuthenticators: true}
Session ID: 4e0179b655c2d7c930cbb296506ab7c7
]]></system-out>
    <system-err><![CDATA[Oct 23, 2025 8:51:18 PM org.openqa.selenium.devtools.CdpVersionFinder findNearestMatch
WARNING: Unable to find CDP implementation matching 141
Oct 23, 2025 8:51:18 PM org.openqa.selenium.chromium.ChromiumDriver lambda$new$5
WARNING: Unable to find version of CDP to use for 141.0.7390.108. You may need to include a dependency on a specific version of the CDP using something similar to `org.seleniumhq.selenium:selenium-devtools-v86:4.17.0` where the version ("v86") matches the version of the chromium-based browser you're using and the version number of the artifact is the same as Selenium's.
]]></system-err>
  </testcase>
</testsuite>