<?xml version="1.0" encoding="UTF-8"?>
<testng-results ignored="8" total="14" passed="5" failed="1" skipped="0">
  <reporter-output>
  </reporter-output>
  <suite started-at="2025-10-23T19:50:54 IST" name="JPetStore" finished-at="2025-10-23T19:52:40 IST" duration-ms="106809">
    <groups>
    </groups>
    <test started-at="2025-10-23T19:50:54 IST" name="VerifyHomePageTitle" finished-at="2025-10-23T19:50:58 IST" duration-ms="3823">
      <class name="testcases.HomePageTest">
        <test-method is-config="true" signature="beforeTest(org.testng.ITestContext)[pri:0, instance:testcases.HomePageTest@2c4d1ac]" started-at="2025-10-23T19:50:54 IST" name="beforeTest" finished-at="2025-10-23T19:50:54 IST" duration-ms="497" status="PASS">
          <params>
            <param index="0">
              <value>
                <![CDATA[org.testng.TestRunner@4ca8dbfa]]>
              </value>
            </param>
          </params>
          <reporter-output>
          </reporter-output>
        </test-method> <!-- beforeTest -->
        <test-method is-config="true" signature="beforeMethod(org.testng.ITestContext)[pri:0, instance:testcases.HomePageTest@2c4d1ac]" started-at="2025-10-23T19:50:54 IST" name="beforeMethod" finished-at="2025-10-23T19:50:54 IST" duration-ms="0" status="PASS">
          <params>
            <param index="0">
              <value>
                <![CDATA[org.testng.TestRunner@4ca8dbfa]]>
              </value>
            </param>
          </params>
          <reporter-output>
          </reporter-output>
        </test-method> <!-- beforeMethod -->
        <test-method signature="VerifyHomePageTitle(org.testng.ITestContext)[pri:0, instance:testcases.HomePageTest@2c4d1ac]" started-at="2025-10-23T19:50:54 IST" name="VerifyHomePageTitle" finished-at="2025-10-23T19:50:57 IST" duration-ms="2975" status="PASS">
          <params>
            <param index="0">
              <value>
                <![CDATA[org.testng.TestRunner@4ca8dbfa]]>
              </value>
            </param>
          </params>
          <reporter-output>
          </reporter-output>
        </test-method> <!-- VerifyHomePageTitle -->
        <test-method is-config="true" signature="quit(org.testng.ITestContext)[pri:0, instance:testcases.HomePageTest@2c4d1ac]" started-at="2025-10-23T19:50:57 IST" name="quit" finished-at="2025-10-23T19:50:58 IST" duration-ms="275" status="PASS">
          <params>
            <param index="0">
              <value>
                <![CDATA[org.testng.TestRunner@4ca8dbfa]]>
              </value>
            </param>
          </params>
          <reporter-output>
          </reporter-output>
        </test-method> <!-- quit -->
      </class> <!-- testcases.HomePageTest -->
    </test> <!-- VerifyHomePageTitle -->
    <test started-at="2025-10-23T19:50:58 IST" name="VerifySignInButtonPresence" finished-at="2025-10-23T19:51:01 IST" duration-ms="3571">
      <class name="testcases.StoreEntryTest">
        <test-method is-config="true" signature="beforeTest(org.testng.ITestContext)[pri:0, instance:testcases.StoreEntryTest@7e6ef134]" started-at="2025-10-23T19:50:58 IST" name="beforeTest" finished-at="2025-10-23T19:50:58 IST" duration-ms="2" status="PASS">
          <params>
            <param index="0">
              <value>
                <![CDATA[org.testng.TestRunner@7ca16adc]]>
              </value>
            </param>
          </params>
          <reporter-output>
          </reporter-output>
        </test-method> <!-- beforeTest -->
        <test-method is-config="true" signature="beforeMethod(org.testng.ITestContext)[pri:0, instance:testcases.StoreEntryTest@7e6ef134]" started-at="2025-10-23T19:50:58 IST" name="beforeMethod" finished-at="2025-10-23T19:50:58 IST" duration-ms="0" status="PASS">
          <params>
            <param index="0">
              <value>
                <![CDATA[org.testng.TestRunner@7ca16adc]]>
              </value>
            </param>
          </params>
          <reporter-output>
          </reporter-output>
        </test-method> <!-- beforeMethod -->
        <test-method signature="VerifySignInButtonPresence(org.testng.ITestContext)[pri:0, instance:testcases.StoreEntryTest@7e6ef134]" started-at="2025-10-23T19:50:58 IST" name="VerifySignInButtonPresence" finished-at="2025-10-23T19:51:01 IST" duration-ms="3462" status="PASS">
          <params>
            <param index="0">
              <value>
                <![CDATA[org.testng.TestRunner@7ca16adc]]>
              </value>
            </param>
          </params>
          <reporter-output>
          </reporter-output>
        </test-method> <!-- VerifySignInButtonPresence -->
        <test-method is-config="true" signature="quit(org.testng.ITestContext)[pri:0, instance:testcases.StoreEntryTest@7e6ef134]" started-at="2025-10-23T19:51:01 IST" name="quit" finished-at="2025-10-23T19:51:01 IST" duration-ms="103" status="PASS">
          <params>
            <param index="0">
              <value>
                <![CDATA[org.testng.TestRunner@7ca16adc]]>
              </value>
            </param>
          </params>
          <reporter-output>
          </reporter-output>
        </test-method> <!-- quit -->
      </class> <!-- testcases.StoreEntryTest -->
    </test> <!-- VerifySignInButtonPresence -->
    <test started-at="2025-10-23T19:51:01 IST" name="VerifyStoreEntryTitle" finished-at="2025-10-23T19:51:07 IST" duration-ms="5558">
      <class name="testcases.StoreEntryTest">
        <test-method is-config="true" signature="beforeTest(org.testng.ITestContext)[pri:0, instance:testcases.StoreEntryTest@6ed3f258]" started-at="2025-10-23T19:51:01 IST" name="beforeTest" finished-at="2025-10-23T19:51:01 IST" duration-ms="3" status="PASS">
          <params>
            <param index="0">
              <value>
                <![CDATA[org.testng.TestRunner@6909f6be]]>
              </value>
            </param>
          </params>
          <reporter-output>
          </reporter-output>
        </test-method> <!-- beforeTest -->
        <test-method is-config="true" signature="beforeMethod(org.testng.ITestContext)[pri:0, instance:testcases.StoreEntryTest@6ed3f258]" started-at="2025-10-23T19:51:01 IST" name="beforeMethod" finished-at="2025-10-23T19:51:01 IST" duration-ms="0" status="PASS">
          <params>
            <param index="0">
              <value>
                <![CDATA[org.testng.TestRunner@6909f6be]]>
              </value>
            </param>
          </params>
          <reporter-output>
          </reporter-output>
        </test-method> <!-- beforeMethod -->
        <test-method signature="VerifyStoreEntryTitle(org.testng.ITestContext)[pri:0, instance:testcases.StoreEntryTest@6ed3f258]" started-at="2025-10-23T19:51:01 IST" name="VerifyStoreEntryTitle" finished-at="2025-10-23T19:51:06 IST" duration-ms="5399" status="PASS">
          <params>
            <param index="0">
              <value>
                <![CDATA[org.testng.TestRunner@6909f6be]]>
              </value>
            </param>
          </params>
          <reporter-output>
          </reporter-output>
        </test-method> <!-- VerifyStoreEntryTitle -->
        <test-method is-config="true" signature="quit(org.testng.ITestContext)[pri:0, instance:testcases.StoreEntryTest@6ed3f258]" started-at="2025-10-23T19:51:06 IST" name="quit" finished-at="2025-10-23T19:51:07 IST" duration-ms="152" status="PASS">
          <params>
            <param index="0">
              <value>
                <![CDATA[org.testng.TestRunner@6909f6be]]>
              </value>
            </param>
          </params>
          <reporter-output>
          </reporter-output>
        </test-method> <!-- quit -->
      </class> <!-- testcases.StoreEntryTest -->
    </test> <!-- VerifyStoreEntryTitle -->
    <test started-at="2025-10-23T19:51:07 IST" name="Verifylogin" finished-at="2025-10-23T19:51:19 IST" duration-ms="11933">
      <class name="testcases.StoreEntryTest">
        <test-method is-config="true" signature="beforeTest(org.testng.ITestContext)[pri:0, instance:testcases.StoreEntryTest@bcef303]" started-at="2025-10-23T19:51:07 IST" name="beforeTest" finished-at="2025-10-23T19:51:07 IST" duration-ms="1" status="PASS">
          <params>
            <param index="0">
              <value>
                <![CDATA[org.testng.TestRunner@7a1a3468]]>
              </value>
            </param>
          </params>
          <reporter-output>
          </reporter-output>
        </test-method> <!-- beforeTest -->
        <test-method signature="Verifylogin(org.testng.ITestContext)[pri:0, instance:testcases.StoreEntryTest@bcef303]" started-at="2025-10-23T19:51:07 IST" name="Verifylogin" finished-at="2025-10-23T19:51:18 IST" duration-ms="11797" status="PASS">
          <params>
            <param index="0">
              <value>
                <![CDATA[org.testng.TestRunner@7a1a3468]]>
              </value>
            </param>
          </params>
          <reporter-output>
          </reporter-output>
        </test-method> <!-- Verifylogin -->
        <test-method is-config="true" signature="beforeMethod(org.testng.ITestContext)[pri:0, instance:testcases.StoreEntryTest@bcef303]" started-at="2025-10-23T19:51:07 IST" name="beforeMethod" finished-at="2025-10-23T19:51:07 IST" duration-ms="0" status="PASS">
          <params>
            <param index="0">
              <value>
                <![CDATA[org.testng.TestRunner@7a1a3468]]>
              </value>
            </param>
          </params>
          <reporter-output>
          </reporter-output>
        </test-method> <!-- beforeMethod -->
        <test-method is-config="true" signature="quit(org.testng.ITestContext)[pri:0, instance:testcases.StoreEntryTest@bcef303]" started-at="2025-10-23T19:51:18 IST" name="quit" finished-at="2025-10-23T19:51:19 IST" duration-ms="131" status="PASS">
          <params>
            <param index="0">
              <value>
                <![CDATA[org.testng.TestRunner@7a1a3468]]>
              </value>
            </param>
          </params>
          <reporter-output>
          </reporter-output>
        </test-method> <!-- quit -->
      </class> <!-- testcases.StoreEntryTest -->
    </test> <!-- Verifylogin -->
    <test started-at="2025-10-23T19:51:19 IST" name="verifyAvailablePets" finished-at="2025-10-23T19:51:29 IST" duration-ms="10833">
      <class name="testcases.DashBoardTest">
        <test-method is-config="true" signature="beforeTest(org.testng.ITestContext)[pri:0, instance:testcases.DashBoardTest@7d1cfb8b]" started-at="2025-10-23T19:51:19 IST" name="beforeTest" finished-at="2025-10-23T19:51:19 IST" duration-ms="1" status="PASS">
          <params>
            <param index="0">
              <value>
                <![CDATA[org.testng.TestRunner@bbb6f0]]>
              </value>
            </param>
          </params>
          <reporter-output>
          </reporter-output>
        </test-method> <!-- beforeTest -->
        <test-method is-config="true" signature="beforeMethod(org.testng.ITestContext)[pri:0, instance:testcases.DashBoardTest@7d1cfb8b]" started-at="2025-10-23T19:51:19 IST" name="beforeMethod" finished-at="2025-10-23T19:51:19 IST" duration-ms="0" status="PASS">
          <params>
            <param index="0">
              <value>
                <![CDATA[org.testng.TestRunner@bbb6f0]]>
              </value>
            </param>
          </params>
          <reporter-output>
          </reporter-output>
        </test-method> <!-- beforeMethod -->
        <test-method signature="verifyAvailablePets(org.testng.ITestContext)[pri:0, instance:testcases.DashBoardTest@7d1cfb8b]" started-at="2025-10-23T19:51:19 IST" name="verifyAvailablePets" finished-at="2025-10-23T19:51:29 IST" duration-ms="10701" status="PASS">
          <params>
            <param index="0">
              <value>
                <![CDATA[org.testng.TestRunner@bbb6f0]]>
              </value>
            </param>
          </params>
          <reporter-output>
          </reporter-output>
        </test-method> <!-- verifyAvailablePets -->
        <test-method is-config="true" signature="quit(org.testng.ITestContext)[pri:0, instance:testcases.DashBoardTest@7d1cfb8b]" started-at="2025-10-23T19:51:29 IST" name="quit" finished-at="2025-10-23T19:51:29 IST" duration-ms="126" status="PASS">
          <params>
            <param index="0">
              <value>
                <![CDATA[org.testng.TestRunner@bbb6f0]]>
              </value>
            </param>
          </params>
          <reporter-output>
          </reporter-output>
        </test-method> <!-- quit -->
      </class> <!-- testcases.DashBoardTest -->
    </test> <!-- verifyAvailablePets -->
    <test started-at="2025-10-23T19:51:29 IST" name="verifyAllPets" finished-at="2025-10-23T19:52:40 IST" duration-ms="71066">
      <class name="testcases.DashBoardTest">
        <test-method is-config="true" signature="beforeTest(org.testng.ITestContext)[pri:0, instance:testcases.DashBoardTest@39655d3e]" started-at="2025-10-23T19:51:29 IST" name="beforeTest" finished-at="2025-10-23T19:51:29 IST" duration-ms="1" status="PASS">
          <params>
            <param index="0">
              <value>
                <![CDATA[org.testng.TestRunner@4e4395c]]>
              </value>
            </param>
          </params>
          <reporter-output>
          </reporter-output>
        </test-method> <!-- beforeTest -->
        <test-method is-config="true" signature="beforeMethod(org.testng.ITestContext)[pri:0, instance:testcases.DashBoardTest@39655d3e]" started-at="2025-10-23T19:51:29 IST" name="beforeMethod" finished-at="2025-10-23T19:51:29 IST" duration-ms="0" status="PASS">
          <params>
            <param index="0">
              <value>
                <![CDATA[org.testng.TestRunner@4e4395c]]>
              </value>
            </param>
          </params>
          <reporter-output>
          </reporter-output>
        </test-method> <!-- beforeMethod -->
        <test-method signature="verifyAllPets(org.testng.ITestContext)[pri:0, instance:testcases.DashBoardTest@39655d3e]" started-at="2025-10-23T19:51:29 IST" name="verifyAllPets" finished-at="2025-10-23T19:52:40 IST" duration-ms="70918" status="FAIL">
          <params>
            <param index="0">
              <value>
                <![CDATA[org.testng.TestRunner@4e4395c]]>
              </value>
            </param>
          </params>
          <exception class="org.openqa.selenium.NoSuchElementException">
            <message>
              <![CDATA[no such element: Unable to locate element: {"method":"xpath","selector":"//*[@id='Catalog']/table/tbody"}
  (Session info: chrome=141.0.7390.108)
For documentation on this error, please visit: https://www.selenium.dev/documentation/webdriver/troubleshooting/errors#no-such-element-exception
Build info: version: '4.17.0', revision: 'e52b1be057*'
System info: os.name: 'Windows 11', os.arch: 'amd64', os.version: '10.0', java.version: '21.0.3'
Driver info: org.openqa.selenium.chrome.ChromeDriver
Command: [608e74fcfb7c0164fc984ad12ba0faed, findElement {using=xpath, value=//*[@id='Catalog']/table/tbody}]
Capabilities {acceptInsecureCerts: false, browserName: chrome, browserVersion: 141.0.7390.108, chrome: {chromedriverVersion: 140.0.7339.185 (eeea00e459e..., userDataDir: C:\Users\MSI\AppData\Local\...}, fedcm:accounts: true, goog:chromeOptions: {debuggerAddress: localhost:56261}, networkConnectionEnabled: false, pageLoadStrategy: normal, platformName: windows, proxy: Proxy(), se:cdp: ws://localhost:56261/devtoo..., se:cdpVersion: 141.0.7390.108, setWindowRect: true, strictFileInteractability: false, timeouts: {implicit: 0, pageLoad: 300000, script: 30000}, unhandledPromptBehavior: dismiss and notify, webauthn:extension:credBlob: true, webauthn:extension:largeBlob: true, webauthn:extension:minPinLength: true, webauthn:extension:prf: true, webauthn:virtualAuthenticators: true}
Session ID: 608e74fcfb7c0164fc984ad12ba0faed]]>
            </message>
            <full-stacktrace>
              <![CDATA[org.openqa.selenium.NoSuchElementException: no such element: Unable to locate element: {"method":"xpath","selector":"//*[@id='Catalog']/table/tbody"}
  (Session info: chrome=141.0.7390.108)
For documentation on this error, please visit: https://www.selenium.dev/documentation/webdriver/troubleshooting/errors#no-such-element-exception
Build info: version: '4.17.0', revision: 'e52b1be057*'
System info: os.name: 'Windows 11', os.arch: 'amd64', os.version: '10.0', java.version: '21.0.3'
Driver info: org.openqa.selenium.chrome.ChromeDriver
Command: [608e74fcfb7c0164fc984ad12ba0faed, findElement {using=xpath, value=//*[@id='Catalog']/table/tbody}]
Capabilities {acceptInsecureCerts: false, browserName: chrome, browserVersion: 141.0.7390.108, chrome: {chromedriverVersion: 140.0.7339.185 (eeea00e459e..., userDataDir: C:\Users\MSI\AppData\Local\...}, fedcm:accounts: true, goog:chromeOptions: {debuggerAddress: localhost:56261}, networkConnectionEnabled: false, pageLoadStrategy: normal, platformName: windows, proxy: Proxy(), se:cdp: ws://localhost:56261/devtoo..., se:cdpVersion: 141.0.7390.108, setWindowRect: true, strictFileInteractability: false, timeouts: {implicit: 0, pageLoad: 300000, script: 30000}, unhandledPromptBehavior: dismiss and notify, webauthn:extension:credBlob: true, webauthn:extension:largeBlob: true, webauthn:extension:minPinLength: true, webauthn:extension:prf: true, webauthn:virtualAuthenticators: true}
Session ID: 608e74fcfb7c0164fc984ad12ba0faed
at java.base/jdk.internal.reflect.DirectConstructorHandleAccessor.newInstance(DirectConstructorHandleAccessor.java:62)
at java.base/java.lang.reflect.Constructor.newInstanceWithCaller(Constructor.java:502)
at java.base/java.lang.reflect.Constructor.newInstance(Constructor.java:486)
at org.openqa.selenium.remote.codec.w3c.W3CHttpResponseCodec.createException(W3CHttpResponseCodec.java:185)
at org.openqa.selenium.remote.codec.w3c.W3CHttpResponseCodec.decode(W3CHttpResponseCodec.java:134)
at org.openqa.selenium.remote.codec.w3c.W3CHttpResponseCodec.decode(W3CHttpResponseCodec.java:51)
at org.openqa.selenium.remote.HttpCommandExecutor.execute(HttpCommandExecutor.java:190)
at org.openqa.selenium.remote.service.DriverCommandExecutor.invokeExecute(DriverCommandExecutor.java:216)
at org.openqa.selenium.remote.service.DriverCommandExecutor.execute(DriverCommandExecutor.java:174)
at org.openqa.selenium.remote.RemoteWebDriver.execute(RemoteWebDriver.java:519)
at org.openqa.selenium.remote.ElementLocation$ElementFinder$2.findElement(ElementLocation.java:165)
at org.openqa.selenium.remote.ElementLocation.findElement(ElementLocation.java:59)
at org.openqa.selenium.remote.RemoteWebDriver.findElement(RemoteWebDriver.java:356)
at org.openqa.selenium.remote.RemoteWebDriver.findElement(RemoteWebDriver.java:350)
at keywords.GenericKeywords.getElement(GenericKeywords.java:138)
at testcases.DashBoardTest.verifyAllPets(DashBoardTest.java:94)
at java.base/jdk.internal.reflect.DirectMethodHandleAccessor.invoke(DirectMethodHandleAccessor.java:103)
at java.base/java.lang.reflect.Method.invoke(Method.java:580)
at org.testng.internal.MethodInvocationHelper.invokeMethod(MethodInvocationHelper.java:133)
at org.testng.internal.TestInvoker.invokeMethod(TestInvoker.java:598)
at org.testng.internal.TestInvoker.invokeTestMethod(TestInvoker.java:173)
at org.testng.internal.MethodRunner.runInSequence(MethodRunner.java:46)
at org.testng.internal.TestInvoker$MethodInvocationAgent.invoke(TestInvoker.java:824)
at org.testng.internal.TestInvoker.invokeTestMethods(TestInvoker.java:146)
at org.testng.internal.TestMethodWorker.invokeTestMethods(TestMethodWorker.java:146)
at org.testng.internal.TestMethodWorker.run(TestMethodWorker.java:128)
at java.base/java.util.ArrayList.forEach(ArrayList.java:1596)
at org.testng.TestRunner.privateRun(TestRunner.java:794)
at org.testng.TestRunner.run(TestRunner.java:596)
at org.testng.SuiteRunner.runTest(SuiteRunner.java:377)
at org.testng.SuiteRunner.runSequentially(SuiteRunner.java:371)
at org.testng.SuiteRunner.privateRun(SuiteRunner.java:332)
at org.testng.SuiteRunner.run(SuiteRunner.java:276)
at org.testng.SuiteRunnerWorker.runSuite(SuiteRunnerWorker.java:53)
at org.testng.SuiteRunnerWorker.run(SuiteRunnerWorker.java:96)
at org.testng.TestNG.runSuitesSequentially(TestNG.java:1212)
at org.testng.TestNG.runSuitesLocally(TestNG.java:1134)
at org.testng.TestNG.runSuites(TestNG.java:1063)
at org.testng.TestNG.run(TestNG.java:1031)
at org.testng.remote.AbstractRemoteTestNG.run(AbstractRemoteTestNG.java:115)
at org.testng.remote.RemoteTestNG.initAndRun(RemoteTestNG.java:293)
at org.testng.remote.RemoteTestNG.main(RemoteTestNG.java:91)
]]>
            </full-stacktrace>
          </exception> <!-- org.openqa.selenium.NoSuchElementException -->
          <reporter-output>
          </reporter-output>
        </test-method> <!-- verifyAllPets -->
        <test-method is-config="true" signature="quit(org.testng.ITestContext)[pri:0, instance:testcases.DashBoardTest@39655d3e]" started-at="2025-10-23T19:52:40 IST" name="quit" finished-at="2025-10-23T19:52:40 IST" duration-ms="135" status="PASS">
          <params>
            <param index="0">
              <value>
                <![CDATA[org.testng.TestRunner@4e4395c]]>
              </value>
            </param>
          </params>
          <reporter-output>
          </reporter-output>
        </test-method> <!-- quit -->
      </class> <!-- testcases.DashBoardTest -->
    </test> <!-- verifyAllPets -->
  </suite> <!-- JPetStore -->
</testng-results>
