<?xml version="1.0" encoding="UTF-8"?>
<!-- Generated by org.testng.reporters.JUnitXMLReporter -->
<testsuite ignored="2" hostname="punbkumarpc" failures="0" tests="1" name="VerifySignInButtonPresence" time="3.571" errors="0" timestamp="2025-10-23T19:51:01 IST">
  <testcase classname="testcases.StoreEntryTest" name="VerifySignInButtonPresence" time="3.462"/>
  <testcase classname="testcases.StoreEntryTest" name="VerifyStoreEntryTitle" time="0.0">
    <ignored/>
  </testcase> <!-- VerifyStoreEntryTitle -->
  <testcase classname="testcases.StoreEntryTest" name="Verifylogin" time="0.0">
    <ignored/>
  </testcase> <!-- Verifylogin -->
</testsuite> <!-- VerifySignInButtonPresence -->
