<?xml version="1.0" encoding="UTF-8"?>
<!-- Generated by org.testng.reporters.JUnitReportReporter -->
<testsuite hostname="punbkumarpc" failures="0" tests="3" name="testcases.StoreEntryTest" time="20.494" errors="0" timestamp="2025-10-23T20:52:28 IST" skipped="0">
  <testcase classname="testcases.StoreEntryTest" name="Verifylogin" time="11.669"/>
  <testcase classname="testcases.StoreEntryTest" name="VerifySignInButtonPresence" time="3.415"/>
  <testcase classname="testcases.StoreEntryTest" name="VerifyStoreEntryTitle" time="5.410"/>
</testsuite> <!-- testcases.StoreEntryTest -->
